INFO 2023-11-28 16:08:28,019 autoreload Watching for file changes with StatReloader
INFO 2023-11-28 16:09:07,862 autoreload Watching for file changes with StatReloader
<<<<<<< HEAD
INFO 2023-11-28 16:10:07,470 basehttp "POST /graphql HTTP/1.1" 200 197
INFO 2023-11-28 16:18:19,850 basehttp "POST /graphql HTTP/1.1" 200 197
INFO 2023-11-28 16:18:29,284 basehttp "POST /graphql HTTP/1.1" 200 197
INFO 2023-11-28 16:18:41,455 autoreload C:\Users\Mobify\Documents\GitHub\addressablestore\addressablestore\store\types.py changed, reloading.
INFO 2023-11-28 16:18:42,249 autoreload Watching for file changes with StatReloader
INFO 2023-11-28 16:19:14,656 autoreload C:\Users\Mobify\Documents\GitHub\addressablestore\addressablestore\store\types.py changed, reloading.
INFO 2023-11-28 16:19:15,429 autoreload Watching for file changes with StatReloader
INFO 2023-11-28 16:22:29,307 autoreload Watching for file changes with StatReloader
INFO 2023-11-28 16:22:37,555 basehttp "POST /graphql HTTP/1.1" 200 197
INFO 2023-11-28 16:23:59,055 basehttp "GET /admin/store/listing/ HTTP/1.1" 200 9969
INFO 2023-11-28 16:23:59,131 basehttp "GET /admin/jsi18n/ HTTP/1.1" 200 3343
INFO 2023-11-28 16:32:17,461 basehttp "POST /graphql HTTP/1.1" 200 197
INFO 2023-11-28 16:34:20,410 basehttp "POST /graphql HTTP/1.1" 200 197
INFO 2023-11-28 16:36:16,802 basehttp "POST /graphql HTTP/1.1" 200 25032
INFO 2023-11-28 16:36:21,136 basehttp "POST /graphql HTTP/1.1" 200 25032
INFO 2023-11-28 16:38:13,732 basehttp "POST /graphql HTTP/1.1" 200 237
INFO 2023-11-28 16:39:15,973 basehttp "POST /graphql HTTP/1.1" 200 237
INFO 2023-11-28 16:39:34,485 basehttp "POST /graphql HTTP/1.1" 200 237
INFO 2023-11-28 16:39:47,376 basehttp "POST /graphql HTTP/1.1" 200 237
INFO 2023-11-28 16:39:51,806 basehttp "POST /graphql HTTP/1.1" 200 237
INFO 2023-11-28 16:40:12,798 basehttp "POST /graphql HTTP/1.1" 200 237
INFO 2023-11-28 16:40:34,997 basehttp "POST /graphql HTTP/1.1" 200 277
WARNING 2023-11-28 16:41:01,594 log Bad Request: /graphql
WARNING 2023-11-28 16:41:01,594 basehttp "POST /graphql HTTP/1.1" 400 93
INFO 2023-11-28 16:41:23,896 basehttp "POST /graphql HTTP/1.1" 200 277
INFO 2023-11-28 16:41:30,925 basehttp "POST /graphql HTTP/1.1" 200 277
INFO 2023-11-28 16:41:42,389 basehttp "POST /graphql HTTP/1.1" 200 277
INFO 2023-11-28 16:42:23,776 basehttp "POST /graphql HTTP/1.1" 200 277
INFO 2023-11-28 16:42:36,987 basehttp "POST /graphql HTTP/1.1" 200 277
INFO 2023-11-28 16:45:53,239 basehttp "POST /graphql HTTP/1.1" 200 277
INFO 2023-11-28 16:46:42,645 basehttp "POST /graphql HTTP/1.1" 200 26
INFO 2023-11-28 16:46:48,606 basehttp "POST /graphql HTTP/1.1" 200 277
INFO 2023-11-28 16:46:52,764 basehttp "POST /graphql HTTP/1.1" 200 25032
INFO 2023-11-28 16:46:53,410 basehttp "POST /graphql HTTP/1.1" 200 25032
INFO 2023-11-28 16:46:53,631 basehttp "POST /graphql HTTP/1.1" 200 25032
INFO 2023-11-28 16:46:54,651 basehttp "POST /graphql HTTP/1.1" 200 277
WARNING 2023-11-28 16:50:56,154 log Bad Request: /graphql
WARNING 2023-11-28 16:50:56,154 basehttp "POST /graphql HTTP/1.1" 400 124
=======
INFO 2023-11-29 09:49:27,267 autoreload Watching for file changes with StatReloader
INFO 2023-11-29 09:51:25,515 autoreload E:\django\addressablestore\addressablestore\store\types.py changed, reloading.
INFO 2023-11-29 09:51:26,384 autoreload Watching for file changes with StatReloader
INFO 2023-11-29 09:54:08,759 basehttp "POST /graphql HTTP/1.1" 200 27053
INFO 2023-11-29 09:54:09,267 basehttp "POST /graphql HTTP/1.1" 200 27053
>>>>>>> main
INFO 2023-11-29 11:34:17,395 autoreload Watching for file changes with StatReloader
INFO 2023-11-29 11:35:02,462 autoreload Watching for file changes with StatReloader
INFO 2023-11-29 11:35:30,335 autoreload Watching for file changes with StatReloader
INFO 2023-11-29 11:38:33,933 autoreload Watching for file changes with StatReloader
INFO 2023-11-29 11:38:59,365 autoreload Watching for file changes with StatReloader
INFO 2023-11-29 11:39:11,957 autoreload Watching for file changes with StatReloader
INFO 2023-11-29 11:39:31,211 autoreload Watching for file changes with StatReloader
INFO 2023-11-29 11:41:11,563 autoreload Watching for file changes with StatReloader
INFO 2023-11-29 11:44:09,948 autoreload Watching for file changes with StatReloader
INFO 2023-11-29 11:46:23,962 autoreload Watching for file changes with StatReloader
INFO 2023-11-29 11:46:42,172 autoreload Watching for file changes with StatReloader
INFO 2023-11-29 11:49:32,383 autoreload Watching for file changes with StatReloader
INFO 2023-11-29 11:49:51,720 autoreload C:\Users\Mobify\Documents\GitHub\addressablestore\addressablestore\addressablestore\settings.py changed, reloading.
INFO 2023-11-29 11:50:02,710 autoreload Watching for file changes with StatReloader
INFO 2023-11-29 11:52:03,956 autoreload C:\Users\Mobify\Documents\GitHub\addressablestore\addressablestore\addressablestore\settings.py changed, reloading.
INFO 2023-11-29 11:52:04,633 autoreload Watching for file changes with StatReloader
INFO 2023-11-29 11:54:39,673 autoreload Watching for file changes with StatReloader
INFO 2023-11-29 11:57:40,158 autoreload Watching for file changes with StatReloader
INFO 2023-11-29 11:59:47,194 autoreload Watching for file changes with StatReloader
INFO 2023-11-29 12:02:56,507 autoreload Watching for file changes with StatReloader
INFO 2023-11-29 12:03:16,168 autoreload Watching for file changes with StatReloader
INFO 2023-11-29 12:03:29,579 autoreload Watching for file changes with StatReloader
INFO 2023-11-29 12:03:41,758 autoreload Watching for file changes with StatReloader
INFO 2023-11-29 12:03:54,176 autoreload Watching for file changes with StatReloader
INFO 2023-11-29 12:05:07,235 autoreload Watching for file changes with StatReloader
INFO 2023-11-29 12:05:25,078 autoreload Watching for file changes with StatReloader
INFO 2023-11-29 12:05:37,433 autoreload Watching for file changes with StatReloader
INFO 2023-11-29 12:06:44,827 autoreload Watching for file changes with StatReloader
INFO 2023-11-29 12:08:42,745 autoreload C:\Users\Mobify\Documents\GitHub\addressablestore\addressablestore\addressablestore\settings.py changed, reloading.
INFO 2023-11-29 12:08:43,476 autoreload Watching for file changes with StatReloader
INFO 2023-11-29 12:14:37,030 autoreload Watching for file changes with StatReloader
INFO 2023-11-29 12:14:49,077 autoreload C:\Users\Mobify\Documents\GitHub\addressablestore\addressablestore\addressablestore\settings.py changed, reloading.
INFO 2023-11-29 12:14:49,786 autoreload Watching for file changes with StatReloader
INFO 2023-11-29 12:21:23,481 autoreload Watching for file changes with StatReloader
INFO 2023-11-29 12:28:14,175 autoreload Watching for file changes with StatReloader
INFO 2023-11-29 12:31:03,430 autoreload Watching for file changes with StatReloader
INFO 2023-11-29 12:34:25,308 autoreload Watching for file changes with StatReloader
INFO 2023-11-29 12:34:44,184 autoreload Watching for file changes with StatReloader
INFO 2023-11-29 12:34:56,052 autoreload Watching for file changes with StatReloader
INFO 2023-11-29 12:35:51,788 autoreload Watching for file changes with StatReloader
INFO 2023-11-29 12:39:33,166 autoreload Watching for file changes with StatReloader
INFO 2023-11-29 12:51:28,722 autoreload Watching for file changes with StatReloader
INFO 2023-11-29 12:54:29,678 autoreload Watching for file changes with StatReloader
INFO 2023-11-29 12:54:44,879 autoreload Watching for file changes with StatReloader
INFO 2023-11-29 12:54:57,098 autoreload Watching for file changes with StatReloader
INFO 2023-11-29 14:09:05,386 autoreload Watching for file changes with StatReloader
INFO 2023-11-29 14:13:38,089 autoreload Watching for file changes with StatReloader
